<?xml version="1.0" encoding="UTF-8"?>
<!-- Generated by org.testng.reporters.JUnitXMLReporter -->
<testsuite ignored="0" hostname="DESKTOP-3ERAJ4S" failures="0" tests="4" name="hTest" time="19.928" errors="0" timestamp="2023-02-11T09:38:04 IST">
  <testcase classname="testclass.TC04MultipleProductAddToCartFunctionality" name="multiplefunctionality" time="6.532"/>
  <testcase classname="testclass.TC01LoginFunctionality" name="loginfunctionality" time="4.325"/>
  <testcase classname="testclass.TC02LogOutFunctionality" name="logoutfunctionality" time="4.331"/>
  <testcase classname="testclass.TC03SingleProductAddToCartFunctionality" name="singleproductaddtocartfunctionality" time="4.686"/>
</testsuite> <!-- hTest -->
